<?xml version="1.0" encoding="UTF-8"?>
<!-- Generated by org.testng.reporters.JUnitReportReporter -->
<testsuite skipped="0" hostname="WL2781-0044143" name="apitesting.FirstApi" tests="1" failures="0" timestamp="2023-02-11T19:02:24 IST" time="2.167" errors="0">
  <testcase name="testResp1" time="2.167" classname="apitesting.FirstApi"/>
  <system-out/>
</testsuite> <!-- apitesting.FirstApi -->
