<?xml version="1.0" encoding="UTF-8"?>
<!-- Generated by org.testng.reporters.JUnitReportReporter -->
<testsuite skipped="0" hostname="WL2781-0044143" name="apitesting.GetApiAutomation" tests="2" failures="0" timestamp="2023-02-11T20:29:52 IST" time="2.396" errors="0">
  <testcase name="testResponseCode" time="0.337" classname="apitesting.GetApiAutomation"/>
  <system-out/>
  <testcase name="testResp1" time="2.059" classname="apitesting.GetApiAutomation"/>
  <system-out/>
</testsuite> <!-- apitesting.GetApiAutomation -->
