<?xml version="1.0" encoding="UTF-8"?>
<!-- Generated by org.testng.reporters.JUnitReportReporter -->
<testsuite skipped="0" hostname="WL2781-0044143" name="apitesting.PostApiAutomation" tests="1" failures="0" timestamp="2023-02-11T20:28:36 IST" time="2.586" errors="0">
  <testcase name="postApi" time="2.586" classname="apitesting.PostApiAutomation"/>
  <system-out/>
</testsuite> <!-- apitesting.PostApiAutomation -->
