<?xml version="1.0" encoding="UTF-8"?>
<!-- Generated by org.testng.reporters.JUnitReportReporter -->
<testsuite hostname="LAPTOP-G1RVVOU2" failures="0" tests="3" name="TestCases.TestCase3" time="0.071" errors="0" timestamp="2023-04-21T10:36:17 IST" skipped="0">
  <testcase classname="TestCases.TestCase3" name="testing2" time="0.040"/>
  <system-out/>
  <testcase classname="TestCases.TestCase3" name="testing1" time="0.008"/>
  <system-out/>
  <testcase classname="TestCases.TestCase3" name="testing3" time="0.023"/>
  <system-out/>
</testsuite> <!-- TestCases.TestCase3 -->
