<?xml version="1.0" encoding="UTF-8"?>
<!-- Generated by org.testng.reporters.JUnitReportReporter -->
<testsuite hostname="LAPTOP-G1RVVOU2" failures="0" tests="3" name="TestCases.TestCase1" time="0.029" errors="0" timestamp="2023-04-19T11:53:45 IST" skipped="0">
  <testcase classname="TestCases.TestCase1" name="doUserRegistration" time="0.015"/>
  <system-out/>
  <testcase classname="TestCases.TestCase1" name="doLogin" time="0.009"/>
  <system-out/>
  <testcase classname="TestCases.TestCase1" name="doBasicTest" time="0.005"/>
  <system-out/>
</testsuite> <!-- TestCases.TestCase1 -->
