<?xml version="1.0" encoding="UTF-8"?>
<!-- Generated by org.testng.reporters.JUnitReportReporter -->
<testsuite hostname="LAPTOP-G1RVVOU2" failures="0" tests="1" name="Regression.TestRegression1" time="0.022" errors="0" timestamp="2023-04-02T23:11:59 IST" skipped="0">
  <testcase classname="Regression.TestRegression1" name="doregression1test2" time="0.022"/>
  <system-out/>
</testsuite> <!-- Regression.TestRegression1 -->
