<?xml version="1.0" encoding="UTF-8"?>
<!-- Generated by org.testng.reporters.JUnitReportReporter -->
<testsuite hostname="LAPTOP-G1RVVOU2" failures="0" tests="6" name="TestCases.TestCase2" time="0.047" errors="0" timestamp="2023-04-19T11:53:45 IST" skipped="0">
  <testcase classname="TestCases.TestCase2" name="validateTitle" time="0.008"/>
  <system-out/>
  <testcase classname="TestCases.TestCase2" name="validateTitle" time="0.006"/>
  <system-out/>
  <testcase classname="TestCases.TestCase2" name="validateHeading" time="0.008"/>
  <system-out/>
  <testcase classname="TestCases.TestCase2" name="validateHeading" time="0.005"/>
  <system-out/>
  <testcase classname="TestCases.TestCase2" name="testLogin" time="0.014"/>
  <system-out/>
  <testcase classname="TestCases.TestCase2" name="testLogin" time="0.006"/>
  <system-out/>
</testsuite> <!-- TestCases.TestCase2 -->
