<?xml version="1.0" encoding="UTF-8"?>
<!-- Generated by org.testng.reporters.JUnitReportReporter -->
<testsuite skipped="0" hostname="WL2781-0044143" name="runner.RunCuke" tests="1" failures="0" timestamp="2023-02-17T20:22:47 IST" time="3.071" errors="0">
  <testcase name="runScenario" time="3.071" classname="runner.RunCuke"/>
  <system-out/>
</testsuite> <!-- runner.RunCuke -->
