<?xml version="1.0" encoding="UTF-8"?>
<!-- Generated by org.testng.reporters.JUnitReportReporter -->
<testsuite hostname="LAPTOP-G1RVVOU2" failures="0" tests="1" name="runner.RunCuke" time="11.636" errors="0" timestamp="2023-03-18T01:00:48 IST" skipped="0">
  <testcase classname="runner.RunCuke" name="runScenario" time="11.636"/>
  <system-out/>
</testsuite> <!-- runner.RunCuke -->
