<?xml version="1.0" encoding="UTF-8"?>
<!-- Generated by org.testng.reporters.JUnitReportReporter -->
<testsuite skipped="0" hostname="WL2781-0044143" name="BaseTestApi.BaseTest" tests="1" failures="0" timestamp="2023-02-17T13:21:36 IST" time="0.008" errors="0">
  <testcase name="baseTesting" time="0.008" classname="BaseTestApi.BaseTest"/>
  <system-out/>
</testsuite> <!-- BaseTestApi.BaseTest -->
