<?xml version="1.0" encoding="UTF-8"?>
<!-- Generated by org.testng.reporters.JUnitReportReporter -->
<testsuite hostname="WL2781-0044143" failures="0" tests="3" name="runner.RunCuke" time="4.654" errors="0" timestamp="2023-02-27T20:14:23 IST" skipped="0">
  <testcase classname="runner.RunCuke" name="runScenario" time="0.625"/>
  <system-out/>
  <testcase classname="runner.RunCuke" name="runScenario" time="3.290"/>
  <system-out/>
  <testcase classname="runner.RunCuke" name="runScenario" time="0.739"/>
  <system-out/>
</testsuite> <!-- runner.RunCuke -->
