<?xml version="1.0" encoding="UTF-8"?>
<!-- Generated by org.testng.reporters.JUnitReportReporter -->
<testsuite hostname="LAPTOP-G1RVVOU2" failures="0" tests="1" name="com.w2a.testcases.BankManagerLoginTest" time="3.270" errors="0" timestamp="04 Apr 2023 19:09:03 GMT" skipped="0">
  <testcase classname="com.w2a.testcases.BankManagerLoginTest" name="bankManagerLoginTest" time="3.270"/>
</testsuite> <!-- com.w2a.testcases.BankManagerLoginTest -->
