<?xml version="1.0" encoding="UTF-8"?>
<!-- Generated by org.testng.reporters.JUnitReportReporter -->
<testsuite skipped="0" hostname="WL2781-0044143" name="runner.RunCuke" tests="1" failures="0" timestamp="2023-02-03T19:06:08 IST" time="4.003" errors="1">
  <testcase name="runScenario" time="4.003" classname="runner.RunCuke">
    <error type="java.lang.NullPointerException">
      <![CDATA[java.lang.NullPointerException
at stepdefination.Hooks.setUp(Hooks.java:89)
]]>
    </error>
  </testcase> <!-- runScenario -->
  <system-out/>
</testsuite> <!-- runner.RunCuke -->
